<?xml version="1.0" encoding="UTF-8"?>
<!-- Generated by org.testng.reporters.JUnitXMLReporter -->
<testsuite ignored="3" hostname="AhadPC" failures="0" tests="1" name="Default test" time="25.871" errors="0" timestamp="2024-09-04T11:40:28 EDT">
  <testcase classname="tek.tdd.tests.CreateAccountTest" name="signIn" time="21.406"/>
  <testcase classname="tek.tdd.tests.CreateAccountTest" name="emailTextOnSignUpAC" time="0.0">
    <ignored/>
  </testcase> <!-- emailTextOnSignUpAC -->
  <testcase classname="tek.tdd.tests.CreateAccountTest" name="createACwithExistingEmail" time="0.0">
    <ignored/>
  </testcase> <!-- createACwithExistingEmail -->
  <testcase classname="tek.tdd.tests.CreateAccountTest" name="creatACwithLessThan18" time="0.0">
    <ignored/>
  </testcase> <!-- creatACwithLessThan18 -->
</testsuite> <!-- Default test -->
