<?xml version="1.0" encoding="UTF-8"?>
<!-- Generated by org.testng.reporters.JUnitXMLReporter -->
<testsuite ignored="0" hostname="AhadPC" failures="0" tests="17" name="Test" time="113.859" errors="0" timestamp="2024-09-02T19:29:47 EDT">
  <testcase classname="tek.tdd.tests.AccountTest" name="accountShowPerPage" time="7.136"/>
  <testcase classname="tek.tdd.tests.AccountTest" name="signIn" time="0.674"/>
  <testcase classname="tek.tdd.tests.AccountTest" name="validateAccountsOnProfile" time="3.036"/>
  <testcase classname="tek.tdd.tests.PlansTest" name="creatDate" time="3.219"/>
  <testcase classname="tek.tdd.tests.PlansTest" name="sigin" time="1.447"/>
  <testcase classname="tek.tdd.tests.PlansTest" name="validatePlansPage" time="3.408"/>
  <testcase classname="tek.tdd.tests.CreateAccountTest" name="creatACwithLessThan18" time="1.91"/>
  <testcase classname="tek.tdd.tests.CreateAccountTest" name="createACwithExistingEmail" time="1.955"/>
  <testcase classname="tek.tdd.tests.CreateAccountTest" name="emailTextOnSignUpAC" time="1.876"/>
  <testcase classname="tek.tdd.tests.CreateAccountTest" name="signIn" time="21.145"/>
  <testcase classname="tek.tdd.tests.HomeTest" name="validateCreatePrimaryAccount" time="0.325"/>
  <testcase classname="tek.tdd.tests.HomeTest" name="validateHomePage" time="0.069"/>
  <testcase classname="tek.tdd.tests.UserProfileTest" name="loginAndLogoutTest" time="1.731"/>
  <testcase classname="tek.tdd.tests.UserProfileTest" name="validateUserProfile" time="1.391"/>
  <testcase classname="tek.tdd.tests.LoginTest" name="invalidUserLoginTest" time="1.471"/>
  <testcase classname="tek.tdd.tests.LoginTest" name="loginAndLogoutTest" time="1.628"/>
  <testcase classname="tek.tdd.tests.LoginTest" name="loginTest" time="1.302"/>
</testsuite> <!-- Test -->
