<?xml version="1.0" encoding="UTF-8"?>
<!-- Generated by org.testng.reporters.JUnitXMLReporter -->
<testsuite ignored="0" hostname="AhadPC" failures="0" tests="1" name="TestNG" time="0.03" errors="0" timestamp="2024-08-21T14:13:36 EDT">
  <testcase classname="tek.tdd.tests.SecurityTest" name="@BeforeSuite validateSignIn" time="0.011">
    <failure type="java.lang.NullPointerException" message="Cannot read field &amp;quot;signInLink&amp;quot; because &amp;quot;this.homePage&amp;quot; is null">
      <![CDATA[java.lang.NullPointerException: Cannot read field "signInLink" because "this.homePage" is null
at tek.tdd.tests.SecurityTest.validateSignIn(SecurityTest.java:19)
... Removed 17 stack frames]]>
    </failure>
  </testcase> <!-- @BeforeSuite validateSignIn -->
  <testcase classname="tek.tdd.base.UIBaseClass" name="@BeforeMethod setupTests" time="0.0">
    <skipped/>
  </testcase> <!-- @BeforeMethod setupTests -->
  <testcase classname="tek.tdd.base.UIBaseClass" name="@AfterMethod testCleanUp" time="0.0">
    <skipped/>
  </testcase> <!-- @AfterMethod testCleanUp -->
  <testcase classname="tek.tdd.tests.SecurityTest" name="validateAccount" time="0.0">
    <skipped/>
  </testcase> <!-- validateAccount -->
</testsuite> <!-- TestNG -->
