<?xml version="1.0" encoding="UTF-8"?>
<!-- Generated by org.testng.reporters.JUnitXMLReporter -->
<testsuite ignored="0" hostname="AhadPC" failures="0" tests="4" name="Smoke Test" time="29.078" errors="0" timestamp="2024-08-23T12:59:13 EDT">
  <testcase classname="tek.tdd.tests.BasicSetupTest" name="testingLoggingBtnAndLogo" time="0.086"/>
  <testcase classname="tek.tdd.tests.BasicSetupTest" name="validateTopLeftCornerLogo" time="0.04"/>
  <testcase classname="tek.tdd.tests.SecurityTest" name="validateAccount" time="0.271"/>
  <testcase classname="tek.tdd.tests.SecurityTest" name="validateAccount1" time="0.027"/>
</testsuite> <!-- Smoke Test -->
