<?xml version="1.0" encoding="UTF-8"?>
<testng-results ignored="0" total="1" passed="1" failed="0" skipped="0">
  <reporter-output>
  </reporter-output>
  <suite started-at="2024-09-04T11:40:02 EDT" name="Default suite" finished-at="2024-09-04T11:40:28 EDT" duration-ms="25871">
    <groups>
    </groups>
    <test started-at="2024-09-04T11:40:02 EDT" name="Default test" finished-at="2024-09-04T11:40:28 EDT" duration-ms="25871">
      <class name="tek.tdd.tests.CreateAccountTest">
        <test-method is-config="true" signature="setupTests()[pri:0, instance:tek.tdd.tests.CreateAccountTest@ea04cab]" started-at="2024-09-04T11:40:02 EDT" name="setupTests" finished-at="2024-09-04T11:40:07 EDT" duration-ms="4435" status="PASS">
          <reporter-output>
          </reporter-output>
        </test-method> <!-- setupTests -->
        <test-method signature="signIn()[pri:0, instance:tek.tdd.tests.CreateAccountTest@ea04cab]" started-at="2024-09-04T11:40:07 EDT" name="signIn" finished-at="2024-09-04T11:40:28 EDT" duration-ms="21406" status="PASS">
          <reporter-output>
          </reporter-output>
        </test-method> <!-- signIn -->
        <test-method is-config="true" signature="testCleanUp()[pri:0, instance:tek.tdd.tests.CreateAccountTest@ea04cab]" started-at="2024-09-04T11:40:28 EDT" name="testCleanUp" finished-at="2024-09-04T11:40:28 EDT" duration-ms="1" status="PASS">
          <reporter-output>
          </reporter-output>
        </test-method> <!-- testCleanUp -->
      </class> <!-- tek.tdd.tests.CreateAccountTest -->
    </test> <!-- Default test -->
  </suite> <!-- Default suite -->
</testng-results>
